<?xml version="1.0" encoding="UTF-8"?>
<!-- Generated by org.testng.reporters.JUnitReportReporter -->
<testsuite hostname="DESKTOP-JANE" failures="0" tests="1" name="APITesting.com.org.apis.JsonServerRequest" time="2.046" errors="0" timestamp="2020-11-21T22:03:36 IST" skipped="0">
  <testcase classname="APITesting.com.org.apis.JsonServerRequest" name="Test_05" time="2.046"/>
  <system-out/>
</testsuite> <!-- APITesting.com.org.apis.JsonServerRequest -->
