<?xml version="1.0" encoding="UTF-8"?>
<!-- Generated by org.testng.reporters.JUnitReportReporter -->
<testsuite hostname="DESKTOP-JANE" failures="0" tests="1" name="APITesting.com.org.apis.JsonServerRequest" time="1.987" errors="0" timestamp="2020-11-22T17:19:28 IST" skipped="0">
  <testcase classname="APITesting.com.org.apis.JsonServerRequest" name="Test_08" time="1.987"/>
  <system-out/>
</testsuite> <!-- APITesting.com.org.apis.JsonServerRequest -->
