<?xml version="1.0" encoding="UTF-8"?>
<!-- Generated by org.testng.reporters.JUnitReportReporter -->
<testsuite hostname="DESKTOP-JANE" failures="0" tests="1" name="APITesting.com.org.apis.JsonServerRequest" time="1.675" errors="0" timestamp="2020-11-22T14:14:11 IST" skipped="0">
  <testcase classname="APITesting.com.org.apis.JsonServerRequest" name="Test_07" time="1.675"/>
  <system-out/>
</testsuite> <!-- APITesting.com.org.apis.JsonServerRequest -->
